#! /c/Source/iverilog-install/bin/vvp
:ivl_version "12.0 (devel)" "(s20150603-1110-g18392a46)";
:ivl_delay_selection "TYPICAL";
:vpi_time_precision + 0;
:vpi_module "C:\iverilog\lib\ivl\system.vpi";
:vpi_module "C:\iverilog\lib\ivl\vhdl_sys.vpi";
:vpi_module "C:\iverilog\lib\ivl\vhdl_textio.vpi";
:vpi_module "C:\iverilog\lib\ivl\v2005_math.vpi";
:vpi_module "C:\iverilog\lib\ivl\va_math.vpi";
S_0000028b19207cc0 .scope module, "plus1bit" "plus1bit" 2 1;
 .timescale 0 0;
    .port_info 0 /INPUT 1 "A";
    .port_info 1 /INPUT 1 "B";
    .port_info 2 /INPUT 1 "C";
    .port_info 3 /OUTPUT 1 "S0";
    .port_info 4 /OUTPUT 1 "C0";
o0000028b19256f98 .functor BUFZ 1, C4<z>; HiZ drive
o0000028b19256fc8 .functor BUFZ 1, C4<z>; HiZ drive
L_0000028b19206d90 .functor XOR 1, o0000028b19256f98, o0000028b19256fc8, C4<0>, C4<0>;
o0000028b19256ff8 .functor BUFZ 1, C4<z>; HiZ drive
L_0000028b1920d770 .functor AND 1, L_0000028b19206d90, o0000028b19256ff8, C4<1>, C4<1>;
L_0000028b1920da40 .functor AND 1, o0000028b19256f98, o0000028b19256fc8, C4<1>, C4<1>;
L_0000028b19206fc0 .functor XOR 1, o0000028b19256ff8, L_0000028b19206d90, C4<0>, C4<0>;
L_0000028b19254780 .functor OR 1, L_0000028b1920da40, L_0000028b1920d770, C4<0>, C4<0>;
v0000028b192071e0_0 .net "A", 0 0, o0000028b19256f98;  0 drivers
v0000028b19207e50_0 .net "B", 0 0, o0000028b19256fc8;  0 drivers
v0000028b19206cf0_0 .net "C", 0 0, o0000028b19256ff8;  0 drivers
v0000028b1920d9a0_0 .net "C0", 0 0, L_0000028b19254780;  1 drivers
v0000028b1920d6d0_0 .net "S0", 0 0, L_0000028b19206fc0;  1 drivers
v0000028b1920b880_0 .net "a_ab", 0 0, L_0000028b1920da40;  1 drivers
v0000028b1920b920_0 .net "cout_t", 0 0, L_0000028b1920d770;  1 drivers
v0000028b19250f40_0 .net "x_ab", 0 0, L_0000028b19206d90;  1 drivers
# The file index is used to find the file name in the following table.
:file_names 3;
    "N/A";
    "<interactive>";
    "documentacion\plus1bit.v";
